<?xml version="1.0" encoding="UTF-8"?>
<testng-results skipped="0" failed="1" ignored="0" total="1" passed="0">
  <reporter-output>
  </reporter-output>
  <suite name="Suite" duration-ms="879743" started-at="2021-06-01T04:14:35Z" finished-at="2021-06-01T04:29:14Z">
    <groups>
    </groups>
    <test name="Test Delivery" duration-ms="879743" started-at="2021-06-01T04:14:35Z" finished-at="2021-06-01T04:29:14Z">
      <class name="TestScripts.TestMcaDeliveryLaterToday">
        <test-method status="PASS" signature="initialize()[pri:0, instance:TestScripts.TestMcaDeliveryLaterToday@3b938003]" name="initialize" is-config="true" duration-ms="66053" started-at="2021-06-01T09:44:35Z" finished-at="2021-06-01T09:45:41Z">
          <reporter-output>
          </reporter-output>
        </test-method> <!-- initialize -->
        <test-method status="FAIL" signature="testMcaDeliveryLaterToday()[pri:0, instance:TestScripts.TestMcaDeliveryLaterToday@3b938003]" name="testMcaDeliveryLaterToday" duration-ms="771983" started-at="2021-06-01T09:45:41Z" finished-at="2021-06-01T09:58:33Z">
          <exception class="java.lang.NullPointerException">
            <full-stacktrace>
              <![CDATA[java.lang.NullPointerException
	at Resources.Base.tearDown(Base.java:65)
	at Resources.FunctionalComponents.AddChilisFavouriteToCart(FunctionalComponents.java:626)
	at TestScripts.TestMcaDeliveryLaterToday.testMcaDeliveryLaterToday(TestMcaDeliveryLaterToday.java:35)
	at sun.reflect.NativeMethodAccessorImpl.invoke0(Native Method)
	at sun.reflect.NativeMethodAccessorImpl.invoke(Unknown Source)
	at sun.reflect.DelegatingMethodAccessorImpl.invoke(Unknown Source)
	at java.lang.reflect.Method.invoke(Unknown Source)
	at org.testng.internal.MethodInvocationHelper.invokeMethod(MethodInvocationHelper.java:104)
	at org.testng.internal.Invoker.invokeMethod(Invoker.java:645)
	at org.testng.internal.Invoker.invokeTestMethod(Invoker.java:851)
	at org.testng.internal.Invoker.invokeTestMethods(Invoker.java:1177)
	at org.testng.internal.TestMethodWorker.invokeTestMethods(TestMethodWorker.java:129)
	at org.testng.internal.TestMethodWorker.run(TestMethodWorker.java:112)
	at org.testng.TestRunner.privateRun(TestRunner.java:756)
	at org.testng.TestRunner.run(TestRunner.java:610)
	at org.testng.SuiteRunner.runTest(SuiteRunner.java:387)
	at org.testng.SuiteRunner.runSequentially(SuiteRunner.java:382)
	at org.testng.SuiteRunner.privateRun(SuiteRunner.java:340)
	at org.testng.SuiteRunner.run(SuiteRunner.java:289)
	at org.testng.SuiteRunnerWorker.runSuite(SuiteRunnerWorker.java:52)
	at org.testng.SuiteRunnerWorker.run(SuiteRunnerWorker.java:86)
	at org.testng.TestNG.runSuitesSequentially(TestNG.java:1293)
	at org.testng.TestNG.runSuitesLocally(TestNG.java:1218)
	at org.testng.TestNG.runSuites(TestNG.java:1133)
	at org.testng.TestNG.run(TestNG.java:1104)
	at org.testng.remote.AbstractRemoteTestNG.run(AbstractRemoteTestNG.java:114)
	at org.testng.remote.RemoteTestNG.initAndRun(RemoteTestNG.java:251)
	at org.testng.remote.RemoteTestNG.main(RemoteTestNG.java:77)
]]>
            </full-stacktrace>
          </exception> <!-- java.lang.NullPointerException -->
          <reporter-output>
          </reporter-output>
        </test-method> <!-- testMcaDeliveryLaterToday -->
        <test-method status="PASS" signature="tearDown()[pri:0, instance:TestScripts.TestMcaDeliveryLaterToday@3b938003]" name="tearDown" is-config="true" duration-ms="41680" started-at="2021-06-01T09:58:33Z" finished-at="2021-06-01T09:59:14Z">
          <reporter-output>
          </reporter-output>
        </test-method> <!-- tearDown -->
      </class> <!-- TestScripts.TestMcaDeliveryLaterToday -->
    </test> <!-- Test Delivery -->
  </suite> <!-- Suite -->
</testng-results>
