<?xml version="1.0" encoding="UTF-8"?>
<testng-results skipped="0" failed="1" ignored="0" total="1" passed="0">
  <reporter-output>
  </reporter-output>
  <suite name="Suite" duration-ms="452310" started-at="2021-05-24T06:02:05Z" finished-at="2021-05-24T06:09:38Z">
    <groups>
    </groups>
    <test name="Test Login Logout" duration-ms="452310" started-at="2021-05-24T06:02:05Z" finished-at="2021-05-24T06:09:38Z">
      <class name="TestScripts.TestLoggedInOrder">
        <test-method status="PASS" signature="initialize()[pri:0, instance:TestScripts.TestLoggedInOrder@6fe7aac8]" name="initialize" is-config="true" duration-ms="51866" started-at="2021-05-24T11:32:05Z" finished-at="2021-05-24T11:32:57Z">
          <reporter-output>
          </reporter-output>
        </test-method> <!-- initialize -->
        <test-method status="FAIL" signature="testLoggedInOrderFeature()[pri:0, instance:TestScripts.TestLoggedInOrder@6fe7aac8]" name="testLoggedInOrderFeature" duration-ms="375572" started-at="2021-05-24T11:32:57Z" finished-at="2021-05-24T11:39:13Z">
          <exception class="java.lang.NullPointerException">
            <full-stacktrace>
              <![CDATA[java.lang.NullPointerException
	at Resources.Base.tearDown(Base.java:65)
	at Resources.FunctionalComponents.AddChilisFavouriteToCart(FunctionalComponents.java:594)
	at TestScripts.TestLoggedInOrder.testLoggedInOrderFeature(TestLoggedInOrder.java:36)
	at sun.reflect.NativeMethodAccessorImpl.invoke0(Native Method)
	at sun.reflect.NativeMethodAccessorImpl.invoke(Unknown Source)
	at sun.reflect.DelegatingMethodAccessorImpl.invoke(Unknown Source)
	at java.lang.reflect.Method.invoke(Unknown Source)
	at org.testng.internal.MethodInvocationHelper.invokeMethod(MethodInvocationHelper.java:104)
	at org.testng.internal.Invoker.invokeMethod(Invoker.java:645)
	at org.testng.internal.Invoker.invokeTestMethod(Invoker.java:851)
	at org.testng.internal.Invoker.invokeTestMethods(Invoker.java:1177)
	at org.testng.internal.TestMethodWorker.invokeTestMethods(TestMethodWorker.java:129)
	at org.testng.internal.TestMethodWorker.run(TestMethodWorker.java:112)
	at org.testng.TestRunner.privateRun(TestRunner.java:756)
	at org.testng.TestRunner.run(TestRunner.java:610)
	at org.testng.SuiteRunner.runTest(SuiteRunner.java:387)
	at org.testng.SuiteRunner.runSequentially(SuiteRunner.java:382)
	at org.testng.SuiteRunner.privateRun(SuiteRunner.java:340)
	at org.testng.SuiteRunner.run(SuiteRunner.java:289)
	at org.testng.SuiteRunnerWorker.runSuite(SuiteRunnerWorker.java:52)
	at org.testng.SuiteRunnerWorker.run(SuiteRunnerWorker.java:86)
	at org.testng.TestNG.runSuitesSequentially(TestNG.java:1293)
	at org.testng.TestNG.runSuitesLocally(TestNG.java:1218)
	at org.testng.TestNG.runSuites(TestNG.java:1133)
	at org.testng.TestNG.run(TestNG.java:1104)
	at org.testng.remote.AbstractRemoteTestNG.run(AbstractRemoteTestNG.java:115)
	at org.testng.remote.RemoteTestNG.initAndRun(RemoteTestNG.java:251)
	at org.testng.remote.RemoteTestNG.main(RemoteTestNG.java:77)
]]>
            </full-stacktrace>
          </exception> <!-- java.lang.NullPointerException -->
          <reporter-output>
          </reporter-output>
        </test-method> <!-- testLoggedInOrderFeature -->
        <test-method status="PASS" signature="tearDown()[pri:0, instance:TestScripts.TestLoggedInOrder@6fe7aac8]" name="tearDown" is-config="true" duration-ms="24751" started-at="2021-05-24T11:39:13Z" finished-at="2021-05-24T11:39:38Z">
          <reporter-output>
          </reporter-output>
        </test-method> <!-- tearDown -->
      </class> <!-- TestScripts.TestLoggedInOrder -->
    </test> <!-- Test Login Logout -->
  </suite> <!-- Suite -->
</testng-results>
